Vivado Simulator v2023.1
Copyright 1986-2022 Xilinx, Inc. All Rights Reserved.
Copyright 2022-2023 Advanced Micro Devices, Inc. All Rights Reserved.
Running: C:/Xilinx/Vivado/2023.1/bin/unwrapped/win64.o/xelab.exe --incr --debug typical --relax --mt 2 -L xil_defaultlib -L secureip --snapshot tbench_rete_di_interconnessione_behav xil_defaultlib.tbench_rete_di_interconnessione -log elaborate.log 
Using 2 slave threads.
Starting static elaboration
Completed static elaboration
Starting simulation data flow analysis
Completed simulation data flow analysis
Time Resolution for simulation is 1ps
Compiling package std.standard
Compiling package std.textio
Compiling package ieee.std_logic_1164
Compiling architecture behavioral of entity xil_defaultlib.mux_2_1 [mux_2_1_default]
Compiling architecture structural of entity xil_defaultlib.mux_4_1 [mux_4_1_default]
Compiling architecture structural of entity xil_defaultlib.mux_16_1 [mux_16_1_default]
Compiling architecture dataflow of entity xil_defaultlib.DEMUX_1_2 [demux_1_2_default]
Compiling architecture structural of entity xil_defaultlib.demux_1_4 [demux_1_4_default]
Compiling architecture structural of entity xil_defaultlib.rete_di_interconnessione [rete_di_interconnessione_default]
Compiling architecture behavioral of entity xil_defaultlib.tbench_rete_di_interconnessione
Built simulation snapshot tbench_rete_di_interconnessione_behav
