
*** Running vivado
    with args -log cronometro_on_board.vds -m64 -product Vivado -mode batch -messageDb vivado.pb -notrace -source cronometro_on_board.tcl


ECHO disattivato.
ECHO disattivato.

****** Vivado v2023.1 (64-bit)
  **** SW Build 3865809 on Sun May  7 15:05:29 MDT 2023
  **** IP Build 3864474 on Sun May  7 20:36:21 MDT 2023
  **** SharedData Build 3865790 on Sun May 07 13:33:03 MDT 2023
    ** Copyright 1986-2022 Xilinx, Inc. All Rights Reserved.
    ** Copyright 2022-2023 Advanced Micro Devices, Inc. All Rights Reserved.

source cronometro_on_board.tcl -notrace
create_project: Time (s): cpu = 00:00:35 ; elapsed = 00:00:52 . Memory (MB): peak = 486.297 ; gain = 216.605
Command: read_checkpoint -auto_incremental -incremental C:/Users/Utente/Dropbox/LABORATORIO/ASDi/CRONOMETRO_ES5/5_2.srcs/utils_1/imports/synth_1/cronometro.dcp
INFO: [Vivado 12-5825] Read reference checkpoint from C:/Users/Utente/Dropbox/LABORATORIO/ASDi/CRONOMETRO_ES5/5_2.srcs/utils_1/imports/synth_1/cronometro.dcp for incremental synthesis
INFO: [Vivado 12-7989] Please ensure there are no constraint changes
Command: synth_design -top cronometro_on_board -part xc7a50ticsg324-1L
Starting synth_design
Attempting to get a license for feature 'Synthesis' and/or device 'xc7a50ti'
INFO: [Common 17-349] Got license for feature 'Synthesis' and/or device 'xc7a50ti'
INFO: [Device 21-403] Loading part xc7a50ticsg324-1L
INFO: [Designutils 20-5440] No compile time benefit to using incremental synthesis; A full resynthesis will be run
INFO: [Designutils 20-4379] Flow is switching to default flow due to incremental criteria not met. If you would like to alter this behaviour and have the flow terminate instead, please set the following parameter config_implementation {autoIncr.Synth.RejectBehavior Terminate}
INFO: [Synth 8-7079] Multithreading enabled for synth_design using a maximum of 2 processes.
INFO: [Synth 8-7078] Launching helper process for spawning children vivado processes
INFO: [Synth 8-7075] Helper process launched with PID 16748
---------------------------------------------------------------------------------
Starting RTL Elaboration : Time (s): cpu = 00:00:18 ; elapsed = 00:00:22 . Memory (MB): peak = 1300.266 ; gain = 412.773
---------------------------------------------------------------------------------
INFO: [Synth 8-638] synthesizing module 'cronometro_on_board' [C:/Users/Utente/Dropbox/LABORATORIO/ASDi/CRONOMETRO_ES5/5_2.srcs/sources_1/new/cronometro_on_board.vhd:43]
INFO: [Synth 8-3491] module 'bcd_converter' declared at 'C:/Users/Utente/Dropbox/LABORATORIO/ASDi/CRONOMETRO_ES5/5_2.srcs/sources_1/new/convertitore.vhd:26' bound to instance 'converti_sec' of component 'bcd_converter' [C:/Users/Utente/Dropbox/LABORATORIO/ASDi/CRONOMETRO_ES5/5_2.srcs/sources_1/new/cronometro_on_board.vhd:138]
INFO: [Synth 8-638] synthesizing module 'bcd_converter' [C:/Users/Utente/Dropbox/LABORATORIO/ASDi/CRONOMETRO_ES5/5_2.srcs/sources_1/new/convertitore.vhd:33]
INFO: [Synth 8-256] done synthesizing module 'bcd_converter' (0#1) [C:/Users/Utente/Dropbox/LABORATORIO/ASDi/CRONOMETRO_ES5/5_2.srcs/sources_1/new/convertitore.vhd:33]
INFO: [Synth 8-3491] module 'bcd_converter' declared at 'C:/Users/Utente/Dropbox/LABORATORIO/ASDi/CRONOMETRO_ES5/5_2.srcs/sources_1/new/convertitore.vhd:26' bound to instance 'converti_min' of component 'bcd_converter' [C:/Users/Utente/Dropbox/LABORATORIO/ASDi/CRONOMETRO_ES5/5_2.srcs/sources_1/new/cronometro_on_board.vhd:139]
INFO: [Synth 8-3491] module 'bcd_converter' declared at 'C:/Users/Utente/Dropbox/LABORATORIO/ASDi/CRONOMETRO_ES5/5_2.srcs/sources_1/new/convertitore.vhd:26' bound to instance 'converti_h' of component 'bcd_converter' [C:/Users/Utente/Dropbox/LABORATORIO/ASDi/CRONOMETRO_ES5/5_2.srcs/sources_1/new/cronometro_on_board.vhd:142]
INFO: [Synth 8-3491] module 'display_seven_segments' declared at 'C:/Users/Utente/Dropbox/LABORATORIO/ASDi/CRONOMETRO_ES5/5_2.srcs/sources_1/imports/sources_1/imports/Display7Seg - Vivado/display_seven_segments.vhd:32' bound to instance 'dss' of component 'display_seven_segments' [C:/Users/Utente/Dropbox/LABORATORIO/ASDi/CRONOMETRO_ES5/5_2.srcs/sources_1/new/cronometro_on_board.vhd:145]
INFO: [Synth 8-638] synthesizing module 'display_seven_segments' [C:/Users/Utente/Dropbox/LABORATORIO/ASDi/CRONOMETRO_ES5/5_2.srcs/sources_1/imports/sources_1/imports/Display7Seg - Vivado/display_seven_segments.vhd:46]
	Parameter CLKIN_freq bound to: 100000000 - type: integer 
	Parameter CLKOUT_freq bound to: 500 - type: integer 
	Parameter CLKIN_freq bound to: 100000000 - type: integer 
	Parameter CLKOUT_freq bound to: 500 - type: integer 
INFO: [Synth 8-3491] module 'clock_filter' declared at 'C:/Users/Utente/Dropbox/LABORATORIO/ASDi/CRONOMETRO_ES5/5_2.srcs/sources_1/imports/sources_1/imports/Display7Seg - Vivado/clock_filter.vhd:32' bound to instance 'clk_filter' of component 'clock_filter' [C:/Users/Utente/Dropbox/LABORATORIO/ASDi/CRONOMETRO_ES5/5_2.srcs/sources_1/imports/sources_1/imports/Display7Seg - Vivado/display_seven_segments.vhd:94]
INFO: [Synth 8-638] synthesizing module 'clock_filter' [C:/Users/Utente/Dropbox/LABORATORIO/ASDi/CRONOMETRO_ES5/5_2.srcs/sources_1/imports/sources_1/imports/Display7Seg - Vivado/clock_filter.vhd:44]
	Parameter CLKIN_freq bound to: 100000000 - type: integer 
	Parameter CLKOUT_freq bound to: 500 - type: integer 
INFO: [Synth 8-256] done synthesizing module 'clock_filter' (0#1) [C:/Users/Utente/Dropbox/LABORATORIO/ASDi/CRONOMETRO_ES5/5_2.srcs/sources_1/imports/sources_1/imports/Display7Seg - Vivado/clock_filter.vhd:44]
INFO: [Synth 8-3491] module 'counter_mod8' declared at 'C:/Users/Utente/Dropbox/LABORATORIO/ASDi/CRONOMETRO_ES5/5_2.srcs/sources_1/imports/sources_1/imports/Display7Seg - Vivado/counter_mod8.vhd:34' bound to instance 'counter_instance' of component 'counter_mod8' [C:/Users/Utente/Dropbox/LABORATORIO/ASDi/CRONOMETRO_ES5/5_2.srcs/sources_1/imports/sources_1/imports/Display7Seg - Vivado/display_seven_segments.vhd:104]
INFO: [Synth 8-638] synthesizing module 'counter_mod8' [C:/Users/Utente/Dropbox/LABORATORIO/ASDi/CRONOMETRO_ES5/5_2.srcs/sources_1/imports/sources_1/imports/Display7Seg - Vivado/counter_mod8.vhd:41]
INFO: [Synth 8-256] done synthesizing module 'counter_mod8' (0#1) [C:/Users/Utente/Dropbox/LABORATORIO/ASDi/CRONOMETRO_ES5/5_2.srcs/sources_1/imports/sources_1/imports/Display7Seg - Vivado/counter_mod8.vhd:41]
INFO: [Synth 8-3491] module 'cathodes_manager' declared at 'C:/Users/Utente/Dropbox/LABORATORIO/ASDi/CRONOMETRO_ES5/5_2.srcs/sources_1/imports/sources_1/imports/Display7Seg - Vivado/cathodes_manager.vhd:32' bound to instance 'cathodes_instance' of component 'cathodes_manager' [C:/Users/Utente/Dropbox/LABORATORIO/ASDi/CRONOMETRO_ES5/5_2.srcs/sources_1/imports/sources_1/imports/Display7Seg - Vivado/display_seven_segments.vhd:112]
INFO: [Synth 8-638] synthesizing module 'cathodes_manager' [C:/Users/Utente/Dropbox/LABORATORIO/ASDi/CRONOMETRO_ES5/5_2.srcs/sources_1/imports/sources_1/imports/Display7Seg - Vivado/cathodes_manager.vhd:39]
INFO: [Synth 8-226] default block is never used [C:/Users/Utente/Dropbox/LABORATORIO/ASDi/CRONOMETRO_ES5/5_2.srcs/sources_1/imports/sources_1/imports/Display7Seg - Vivado/cathodes_manager.vhd:78]
WARNING: [Synth 8-614] signal 'value' is read in the process but is not in the sensitivity list [C:/Users/Utente/Dropbox/LABORATORIO/ASDi/CRONOMETRO_ES5/5_2.srcs/sources_1/imports/sources_1/imports/Display7Seg - Vivado/cathodes_manager.vhd:75]
WARNING: [Synth 8-614] signal 'dots' is read in the process but is not in the sensitivity list [C:/Users/Utente/Dropbox/LABORATORIO/ASDi/CRONOMETRO_ES5/5_2.srcs/sources_1/imports/sources_1/imports/Display7Seg - Vivado/cathodes_manager.vhd:75]
INFO: [Synth 8-226] default block is never used [C:/Users/Utente/Dropbox/LABORATORIO/ASDi/CRONOMETRO_ES5/5_2.srcs/sources_1/imports/sources_1/imports/Display7Seg - Vivado/cathodes_manager.vhd:111]
INFO: [Synth 8-256] done synthesizing module 'cathodes_manager' (0#1) [C:/Users/Utente/Dropbox/LABORATORIO/ASDi/CRONOMETRO_ES5/5_2.srcs/sources_1/imports/sources_1/imports/Display7Seg - Vivado/cathodes_manager.vhd:39]
INFO: [Synth 8-3491] module 'anodes_manager' declared at 'C:/Users/Utente/Dropbox/LABORATORIO/ASDi/CRONOMETRO_ES5/5_2.srcs/sources_1/imports/sources_1/imports/Display7Seg - Vivado/anodes_manager.vhd:32' bound to instance 'anodes_instance' of component 'anodes_manager' [C:/Users/Utente/Dropbox/LABORATORIO/ASDi/CRONOMETRO_ES5/5_2.srcs/sources_1/imports/sources_1/imports/Display7Seg - Vivado/display_seven_segments.vhd:119]
INFO: [Synth 8-638] synthesizing module 'anodes_manager' [C:/Users/Utente/Dropbox/LABORATORIO/ASDi/CRONOMETRO_ES5/5_2.srcs/sources_1/imports/sources_1/imports/Display7Seg - Vivado/anodes_manager.vhd:39]
INFO: [Synth 8-226] default block is never used [C:/Users/Utente/Dropbox/LABORATORIO/ASDi/CRONOMETRO_ES5/5_2.srcs/sources_1/imports/sources_1/imports/Display7Seg - Vivado/anodes_manager.vhd:51]
INFO: [Synth 8-256] done synthesizing module 'anodes_manager' (0#1) [C:/Users/Utente/Dropbox/LABORATORIO/ASDi/CRONOMETRO_ES5/5_2.srcs/sources_1/imports/sources_1/imports/Display7Seg - Vivado/anodes_manager.vhd:39]
INFO: [Synth 8-256] done synthesizing module 'display_seven_segments' (0#1) [C:/Users/Utente/Dropbox/LABORATORIO/ASDi/CRONOMETRO_ES5/5_2.srcs/sources_1/imports/sources_1/imports/Display7Seg - Vivado/display_seven_segments.vhd:46]
INFO: [Synth 8-3491] module 'cronometro' declared at 'C:/Users/Utente/Dropbox/LABORATORIO/ASDi/CRONOMETRO_ES5/5_2.srcs/sources_1/new/cronometro.vhd:34' bound to instance 'crono' of component 'cronometro' [C:/Users/Utente/Dropbox/LABORATORIO/ASDi/CRONOMETRO_ES5/5_2.srcs/sources_1/new/cronometro_on_board.vhd:147]
INFO: [Synth 8-638] synthesizing module 'cronometro' [C:/Users/Utente/Dropbox/LABORATORIO/ASDi/CRONOMETRO_ES5/5_2.srcs/sources_1/new/cronometro.vhd:45]
INFO: [Synth 8-3491] module 'Divisore_freq' declared at 'C:/Users/Utente/Dropbox/LABORATORIO/ASDi/CRONOMETRO_ES5/5_2.srcs/sources_1/new/clock_divider.vhd:34' bound to instance 'clk_div' of component 'Divisore_freq' [C:/Users/Utente/Dropbox/LABORATORIO/ASDi/CRONOMETRO_ES5/5_2.srcs/sources_1/new/cronometro.vhd:92]
INFO: [Synth 8-638] synthesizing module 'Divisore_freq' [C:/Users/Utente/Dropbox/LABORATORIO/ASDi/CRONOMETRO_ES5/5_2.srcs/sources_1/new/clock_divider.vhd:46]
	Parameter f_in bound to: 100000000 - type: integer 
	Parameter f_out bound to: 1 - type: integer 
INFO: [Synth 8-256] done synthesizing module 'Divisore_freq' (0#1) [C:/Users/Utente/Dropbox/LABORATORIO/ASDi/CRONOMETRO_ES5/5_2.srcs/sources_1/new/clock_divider.vhd:46]
INFO: [Synth 8-3491] module 'cont_mod_60' declared at 'C:/Users/Utente/Dropbox/LABORATORIO/ASDi/CRONOMETRO_ES5/5_2.srcs/sources_1/new/cont_mod_60.vhd:34' bound to instance 'secondi' of component 'cont_mod_60' [C:/Users/Utente/Dropbox/LABORATORIO/ASDi/CRONOMETRO_ES5/5_2.srcs/sources_1/new/cronometro.vhd:94]
INFO: [Synth 8-638] synthesizing module 'cont_mod_60' [C:/Users/Utente/Dropbox/LABORATORIO/ASDi/CRONOMETRO_ES5/5_2.srcs/sources_1/new/cont_mod_60.vhd:44]
INFO: [Synth 8-256] done synthesizing module 'cont_mod_60' (0#1) [C:/Users/Utente/Dropbox/LABORATORIO/ASDi/CRONOMETRO_ES5/5_2.srcs/sources_1/new/cont_mod_60.vhd:44]
INFO: [Synth 8-3491] module 'cont_mod_60' declared at 'C:/Users/Utente/Dropbox/LABORATORIO/ASDi/CRONOMETRO_ES5/5_2.srcs/sources_1/new/cont_mod_60.vhd:34' bound to instance 'minuti' of component 'cont_mod_60' [C:/Users/Utente/Dropbox/LABORATORIO/ASDi/CRONOMETRO_ES5/5_2.srcs/sources_1/new/cronometro.vhd:98]
INFO: [Synth 8-3491] module 'cont_mod_24' declared at 'C:/Users/Utente/Dropbox/LABORATORIO/ASDi/CRONOMETRO_ES5/5_2.srcs/sources_1/new/cont_mod_24.vhd:34' bound to instance 'ore' of component 'cont_mod_24' [C:/Users/Utente/Dropbox/LABORATORIO/ASDi/CRONOMETRO_ES5/5_2.srcs/sources_1/new/cronometro.vhd:102]
INFO: [Synth 8-638] synthesizing module 'cont_mod_24' [C:/Users/Utente/Dropbox/LABORATORIO/ASDi/CRONOMETRO_ES5/5_2.srcs/sources_1/new/cont_mod_24.vhd:43]
INFO: [Synth 8-256] done synthesizing module 'cont_mod_24' (0#1) [C:/Users/Utente/Dropbox/LABORATORIO/ASDi/CRONOMETRO_ES5/5_2.srcs/sources_1/new/cont_mod_24.vhd:43]
INFO: [Synth 8-256] done synthesizing module 'cronometro' (0#1) [C:/Users/Utente/Dropbox/LABORATORIO/ASDi/CRONOMETRO_ES5/5_2.srcs/sources_1/new/cronometro.vhd:45]
INFO: [Synth 8-3491] module 'ButtonDebouncer' declared at 'C:/Users/Utente/Dropbox/LABORATORIO/ASDi/CRONOMETRO_ES5/5_2.srcs/sources_1/imports/sources_1/new/ButtonDebouncer.vhd:34' bound to instance 'btn_dbnc' of component 'ButtonDebouncer' [C:/Users/Utente/Dropbox/LABORATORIO/ASDi/CRONOMETRO_ES5/5_2.srcs/sources_1/new/cronometro_on_board.vhd:149]
INFO: [Synth 8-638] synthesizing module 'ButtonDebouncer' [C:/Users/Utente/Dropbox/LABORATORIO/ASDi/CRONOMETRO_ES5/5_2.srcs/sources_1/imports/sources_1/new/ButtonDebouncer.vhd:46]
	Parameter CLK_period bound to: 10 - type: integer 
	Parameter btn_noise_time bound to: 10000000 - type: integer 
INFO: [Synth 8-226] default block is never used [C:/Users/Utente/Dropbox/LABORATORIO/ASDi/CRONOMETRO_ES5/5_2.srcs/sources_1/imports/sources_1/new/ButtonDebouncer.vhd:79]
INFO: [Synth 8-256] done synthesizing module 'ButtonDebouncer' (0#1) [C:/Users/Utente/Dropbox/LABORATORIO/ASDi/CRONOMETRO_ES5/5_2.srcs/sources_1/imports/sources_1/new/ButtonDebouncer.vhd:46]
INFO: [Synth 8-3491] module 'CU_set_cronom' declared at 'C:/Users/Utente/Dropbox/LABORATORIO/ASDi/CRONOMETRO_ES5/5_2.srcs/sources_1/new/CU_set_cronom.vhd:34' bound to instance 'cu' of component 'CU_set_cronom' [C:/Users/Utente/Dropbox/LABORATORIO/ASDi/CRONOMETRO_ES5/5_2.srcs/sources_1/new/cronometro_on_board.vhd:151]
INFO: [Synth 8-638] synthesizing module 'CU_set_cronom' [C:/Users/Utente/Dropbox/LABORATORIO/ASDi/CRONOMETRO_ES5/5_2.srcs/sources_1/new/CU_set_cronom.vhd:44]
INFO: [Synth 8-256] done synthesizing module 'CU_set_cronom' (0#1) [C:/Users/Utente/Dropbox/LABORATORIO/ASDi/CRONOMETRO_ES5/5_2.srcs/sources_1/new/CU_set_cronom.vhd:44]
	Parameter N bound to: 5 - type: integer 
INFO: [Synth 8-3491] module 'registro' declared at 'C:/Users/Utente/Dropbox/LABORATORIO/ASDi/componenti_base/registro8.vhd:4' bound to instance 'reg_h' of component 'registro' [C:/Users/Utente/Dropbox/LABORATORIO/ASDi/CRONOMETRO_ES5/5_2.srcs/sources_1/new/cronometro_on_board.vhd:153]
INFO: [Synth 8-638] synthesizing module 'registro' [C:/Users/Utente/Dropbox/LABORATORIO/ASDi/componenti_base/registro8.vhd:10]
	Parameter N bound to: 5 - type: integer 
INFO: [Synth 8-256] done synthesizing module 'registro' (0#1) [C:/Users/Utente/Dropbox/LABORATORIO/ASDi/componenti_base/registro8.vhd:10]
	Parameter N bound to: 12 - type: integer 
INFO: [Synth 8-3491] module 'registro' declared at 'C:/Users/Utente/Dropbox/LABORATORIO/ASDi/componenti_base/registro8.vhd:4' bound to instance 'reg_m_s' of component 'registro' [C:/Users/Utente/Dropbox/LABORATORIO/ASDi/CRONOMETRO_ES5/5_2.srcs/sources_1/new/cronometro_on_board.vhd:155]
INFO: [Synth 8-638] synthesizing module 'registro__parameterized1' [C:/Users/Utente/Dropbox/LABORATORIO/ASDi/componenti_base/registro8.vhd:10]
	Parameter N bound to: 12 - type: integer 
INFO: [Synth 8-256] done synthesizing module 'registro__parameterized1' (0#1) [C:/Users/Utente/Dropbox/LABORATORIO/ASDi/componenti_base/registro8.vhd:10]
INFO: [Synth 8-256] done synthesizing module 'cronometro_on_board' (0#1) [C:/Users/Utente/Dropbox/LABORATORIO/ASDi/CRONOMETRO_ES5/5_2.srcs/sources_1/new/cronometro_on_board.vhd:43]
---------------------------------------------------------------------------------
Finished RTL Elaboration : Time (s): cpu = 00:00:24 ; elapsed = 00:00:29 . Memory (MB): peak = 1390.863 ; gain = 503.371
---------------------------------------------------------------------------------
---------------------------------------------------------------------------------
Start Handling Custom Attributes
---------------------------------------------------------------------------------
---------------------------------------------------------------------------------
Finished Handling Custom Attributes : Time (s): cpu = 00:00:25 ; elapsed = 00:00:30 . Memory (MB): peak = 1390.863 ; gain = 503.371
---------------------------------------------------------------------------------
---------------------------------------------------------------------------------
Finished RTL Optimization Phase 1 : Time (s): cpu = 00:00:25 ; elapsed = 00:00:30 . Memory (MB): peak = 1390.863 ; gain = 503.371
---------------------------------------------------------------------------------
Netlist sorting complete. Time (s): cpu = 00:00:00 ; elapsed = 00:00:00.010 . Memory (MB): peak = 1390.863 ; gain = 0.000
INFO: [Project 1-570] Preparing netlist for logic optimization

Processing XDC Constraints
Initializing timing engine
Parsing XDC File [C:/Users/Utente/Dropbox/LABORATORIO/ASDi/CRONOMETRO_ES5/5_2.srcs/constrs_1/imports/digilent-xdc-master/Nexys-A7-50T-Master.xdc]
Finished Parsing XDC File [C:/Users/Utente/Dropbox/LABORATORIO/ASDi/CRONOMETRO_ES5/5_2.srcs/constrs_1/imports/digilent-xdc-master/Nexys-A7-50T-Master.xdc]
INFO: [Project 1-236] Implementation specific constraints were found while reading constraint file [C:/Users/Utente/Dropbox/LABORATORIO/ASDi/CRONOMETRO_ES5/5_2.srcs/constrs_1/imports/digilent-xdc-master/Nexys-A7-50T-Master.xdc]. These constraints will be ignored for synthesis but will be used in implementation. Impacted constraints are listed in the file [.Xil/cronometro_on_board_propImpl.xdc].
Resolution: To avoid this warning, move constraints listed in [.Xil/cronometro_on_board_propImpl.xdc] to another XDC file and exclude this new file from synthesis with the used_in_synthesis property (File Properties dialog in GUI) and re-run elaboration/synthesis.
Completed Processing XDC Constraints

Netlist sorting complete. Time (s): cpu = 00:00:00 ; elapsed = 00:00:00 . Memory (MB): peak = 1492.117 ; gain = 0.000
INFO: [Project 1-111] Unisim Transformation Summary:
No Unisim elements were transformed.

Constraint Validation Runtime : Time (s): cpu = 00:00:00 ; elapsed = 00:00:00.017 . Memory (MB): peak = 1492.117 ; gain = 0.000
INFO: [Designutils 20-5440] No compile time benefit to using incremental synthesis; A full resynthesis will be run
INFO: [Designutils 20-4379] Flow is switching to default flow due to incremental criteria not met. If you would like to alter this behaviour and have the flow terminate instead, please set the following parameter config_implementation {autoIncr.Synth.RejectBehavior Terminate}
---------------------------------------------------------------------------------
Finished Constraint Validation : Time (s): cpu = 00:00:49 ; elapsed = 00:00:57 . Memory (MB): peak = 1492.117 ; gain = 604.625
---------------------------------------------------------------------------------
---------------------------------------------------------------------------------
Start Loading Part and Timing Information
---------------------------------------------------------------------------------
Loading part: xc7a50ticsg324-1L
---------------------------------------------------------------------------------
Finished Loading Part and Timing Information : Time (s): cpu = 00:00:49 ; elapsed = 00:00:57 . Memory (MB): peak = 1492.117 ; gain = 604.625
---------------------------------------------------------------------------------
---------------------------------------------------------------------------------
Start Applying 'set_property' XDC Constraints
---------------------------------------------------------------------------------
---------------------------------------------------------------------------------
Finished applying 'set_property' XDC Constraints : Time (s): cpu = 00:00:49 ; elapsed = 00:00:57 . Memory (MB): peak = 1492.117 ; gain = 604.625
---------------------------------------------------------------------------------
INFO: [Synth 8-802] inferred FSM for state register 'BTN_state_reg' in module 'ButtonDebouncer'
INFO: [Synth 8-802] inferred FSM for state register 'stato_corrente_reg' in module 'CU_set_cronom'
---------------------------------------------------------------------------------------------------
                   State |                     New Encoding |                Previous Encoding 
---------------------------------------------------------------------------------------------------
             not_pressed |                               00 |                               00
             chk_pressed |                               01 |                               01
                 pressed |                               10 |                               10
         chk_not_pressed |                               11 |                               11
---------------------------------------------------------------------------------------------------
INFO: [Synth 8-3354] encoded FSM with state register 'BTN_state_reg' using encoding 'sequential' in module 'ButtonDebouncer'
---------------------------------------------------------------------------------------------------
                   State |                     New Encoding |                Previous Encoding 
---------------------------------------------------------------------------------------------------
               caricaore |                            00001 |                              000
     caricaminutisecondi |                            00010 |                              001
                   start |                            00100 |                              010
                setstate |                            01000 |                              011
                     run |                            10000 |                              100
---------------------------------------------------------------------------------------------------
INFO: [Synth 8-3354] encoded FSM with state register 'stato_corrente_reg' using encoding 'one-hot' in module 'CU_set_cronom'
---------------------------------------------------------------------------------
Finished RTL Optimization Phase 2 : Time (s): cpu = 00:00:51 ; elapsed = 00:01:00 . Memory (MB): peak = 1492.117 ; gain = 604.625
---------------------------------------------------------------------------------
---------------------------------------------------------------------------------
Start RTL Component Statistics 
---------------------------------------------------------------------------------
Detailed RTL Component Info : 
+---Adders : 
	   2 Input   32 Bit       Adders := 1     
	   2 Input   27 Bit       Adders := 1     
	   2 Input   18 Bit       Adders := 1     
	   2 Input    6 Bit       Adders := 2     
	   2 Input    5 Bit       Adders := 1     
	   2 Input    3 Bit       Adders := 1     
+---Registers : 
	               32 Bit    Registers := 1     
	               27 Bit    Registers := 1     
	               18 Bit    Registers := 1     
	               12 Bit    Registers := 1     
	                6 Bit    Registers := 2     
	                5 Bit    Registers := 2     
	                3 Bit    Registers := 1     
	                1 Bit    Registers := 7     
+---Muxes : 
	   2 Input   32 Bit        Muxes := 1     
	   2 Input   27 Bit        Muxes := 1     
	   2 Input   18 Bit        Muxes := 1     
	   8 Input    8 Bit        Muxes := 1     
	   2 Input    6 Bit        Muxes := 4     
	   2 Input    5 Bit        Muxes := 6     
	   5 Input    5 Bit        Muxes := 1     
	   4 Input    2 Bit        Muxes := 1     
	   2 Input    2 Bit        Muxes := 6     
	   2 Input    1 Bit        Muxes := 3     
	   4 Input    1 Bit        Muxes := 2     
---------------------------------------------------------------------------------
Finished RTL Component Statistics 
---------------------------------------------------------------------------------
---------------------------------------------------------------------------------
Start Part Resource Summary
---------------------------------------------------------------------------------
Part Resources:
DSPs: 120 (col length:60)
BRAMs: 150 (col length: RAMB18 60 RAMB36 30)
---------------------------------------------------------------------------------
Finished Part Resource Summary
---------------------------------------------------------------------------------
---------------------------------------------------------------------------------
Start Cross Boundary and Area Optimization
---------------------------------------------------------------------------------
WARNING: [Synth 8-7080] Parallel synthesis criteria is not met
---------------------------------------------------------------------------------
Finished Cross Boundary and Area Optimization : Time (s): cpu = 00:01:04 ; elapsed = 00:01:14 . Memory (MB): peak = 1492.117 ; gain = 604.625
---------------------------------------------------------------------------------
---------------------------------------------------------------------------------
Start Applying XDC Timing Constraints
---------------------------------------------------------------------------------
---------------------------------------------------------------------------------
Finished Applying XDC Timing Constraints : Time (s): cpu = 00:01:24 ; elapsed = 00:01:35 . Memory (MB): peak = 1492.117 ; gain = 604.625
---------------------------------------------------------------------------------
---------------------------------------------------------------------------------
Start Timing Optimization
---------------------------------------------------------------------------------
---------------------------------------------------------------------------------
Finished Timing Optimization : Time (s): cpu = 00:01:26 ; elapsed = 00:01:37 . Memory (MB): peak = 1492.117 ; gain = 604.625
---------------------------------------------------------------------------------
---------------------------------------------------------------------------------
Start Technology Mapping
---------------------------------------------------------------------------------
---------------------------------------------------------------------------------
Finished Technology Mapping : Time (s): cpu = 00:01:26 ; elapsed = 00:01:37 . Memory (MB): peak = 1492.117 ; gain = 604.625
---------------------------------------------------------------------------------
---------------------------------------------------------------------------------
Start IO Insertion
---------------------------------------------------------------------------------
---------------------------------------------------------------------------------
Start Flattening Before IO Insertion
---------------------------------------------------------------------------------
---------------------------------------------------------------------------------
Finished Flattening Before IO Insertion
---------------------------------------------------------------------------------
---------------------------------------------------------------------------------
Start Final Netlist Cleanup
---------------------------------------------------------------------------------
---------------------------------------------------------------------------------
Finished Final Netlist Cleanup
---------------------------------------------------------------------------------
---------------------------------------------------------------------------------
Finished IO Insertion : Time (s): cpu = 00:01:41 ; elapsed = 00:01:52 . Memory (MB): peak = 1492.117 ; gain = 604.625
---------------------------------------------------------------------------------
---------------------------------------------------------------------------------
Start Renaming Generated Instances
---------------------------------------------------------------------------------
---------------------------------------------------------------------------------
Finished Renaming Generated Instances : Time (s): cpu = 00:01:41 ; elapsed = 00:01:52 . Memory (MB): peak = 1492.117 ; gain = 604.625
---------------------------------------------------------------------------------
---------------------------------------------------------------------------------
Start Rebuilding User Hierarchy
---------------------------------------------------------------------------------
---------------------------------------------------------------------------------
Finished Rebuilding User Hierarchy : Time (s): cpu = 00:01:41 ; elapsed = 00:01:52 . Memory (MB): peak = 1492.117 ; gain = 604.625
---------------------------------------------------------------------------------
---------------------------------------------------------------------------------
Start Renaming Generated Ports
---------------------------------------------------------------------------------
---------------------------------------------------------------------------------
Finished Renaming Generated Ports : Time (s): cpu = 00:01:41 ; elapsed = 00:01:52 . Memory (MB): peak = 1492.117 ; gain = 604.625
---------------------------------------------------------------------------------
---------------------------------------------------------------------------------
Start Handling Custom Attributes
---------------------------------------------------------------------------------
---------------------------------------------------------------------------------
Finished Handling Custom Attributes : Time (s): cpu = 00:01:41 ; elapsed = 00:01:52 . Memory (MB): peak = 1492.117 ; gain = 604.625
---------------------------------------------------------------------------------
---------------------------------------------------------------------------------
Start Renaming Generated Nets
---------------------------------------------------------------------------------
---------------------------------------------------------------------------------
Finished Renaming Generated Nets : Time (s): cpu = 00:01:41 ; elapsed = 00:01:52 . Memory (MB): peak = 1492.117 ; gain = 604.625
---------------------------------------------------------------------------------
---------------------------------------------------------------------------------
Start Writing Synthesis Report
---------------------------------------------------------------------------------

Report BlackBoxes: 
+-+--------------+----------+
| |BlackBox name |Instances |
+-+--------------+----------+
+-+--------------+----------+

Report Cell Usage: 
+------+-------+------+
|      |Cell   |Count |
+------+-------+------+
|1     |BUFG   |     2|
|2     |CARRY4 |    20|
|3     |LUT1   |     3|
|4     |LUT2   |     4|
|5     |LUT3   |    29|
|6     |LUT4   |    51|
|7     |LUT5   |    43|
|8     |LUT6   |    41|
|9     |MUXF7  |     8|
|10    |FDRE   |   126|
|11    |FDSE   |     2|
|12    |IBUF   |    15|
|13    |OBUF   |    16|
+------+-------+------+
---------------------------------------------------------------------------------
Finished Writing Synthesis Report : Time (s): cpu = 00:01:41 ; elapsed = 00:01:52 . Memory (MB): peak = 1492.117 ; gain = 604.625
---------------------------------------------------------------------------------
Synthesis finished with 0 errors, 0 critical warnings and 1 warnings.
Synthesis Optimization Runtime : Time (s): cpu = 00:01:11 ; elapsed = 00:01:45 . Memory (MB): peak = 1492.117 ; gain = 503.371
Synthesis Optimization Complete : Time (s): cpu = 00:01:41 ; elapsed = 00:01:52 . Memory (MB): peak = 1492.117 ; gain = 604.625
INFO: [Project 1-571] Translating synthesized netlist
Netlist sorting complete. Time (s): cpu = 00:00:00 ; elapsed = 00:00:00.007 . Memory (MB): peak = 1492.117 ; gain = 0.000
INFO: [Netlist 29-17] Analyzing 28 Unisim elements for replacement
INFO: [Netlist 29-28] Unisim Transformation completed in 1 CPU seconds
INFO: [Project 1-570] Preparing netlist for logic optimization
INFO: [Opt 31-138] Pushed 0 inverter(s) to 0 load pin(s).
Netlist sorting complete. Time (s): cpu = 00:00:00 ; elapsed = 00:00:00.001 . Memory (MB): peak = 1492.117 ; gain = 0.000
INFO: [Project 1-111] Unisim Transformation Summary:
No Unisim elements were transformed.

Synth Design complete | Checksum: b83dff91
INFO: [Common 17-83] Releasing license: Synthesis
76 Infos, 3 Warnings, 0 Critical Warnings and 0 Errors encountered.
synth_design completed successfully
synth_design: Time (s): cpu = 00:01:59 ; elapsed = 00:02:43 . Memory (MB): peak = 1492.117 ; gain = 980.957
INFO: [Common 17-1381] The checkpoint 'C:/Users/Utente/Dropbox/LABORATORIO/ASDi/CRONOMETRO_ES5/5_2.runs/synth_1/cronometro_on_board.dcp' has been generated.
INFO: [runtcl-4] Executing : report_utilization -file cronometro_on_board_utilization_synth.rpt -pb cronometro_on_board_utilization_synth.pb
INFO: [Common 17-206] Exiting Vivado at Tue Feb  4 13:02:36 2025...
