
*** Running vivado
    with args -log sistema_les_on_board.vds -m64 -product Vivado -mode batch -messageDb vivado.pb -notrace -source sistema_les_on_board.tcl


ECHO disattivato.
ECHO disattivato.

****** Vivado v2023.1 (64-bit)
  **** SW Build 3865809 on Sun May  7 15:05:29 MDT 2023
  **** IP Build 3864474 on Sun May  7 20:36:21 MDT 2023
  **** SharedData Build 3865790 on Sun May 07 13:33:03 MDT 2023
    ** Copyright 1986-2022 Xilinx, Inc. All Rights Reserved.
    ** Copyright 2022-2023 Advanced Micro Devices, Inc. All Rights Reserved.

source sistema_les_on_board.tcl -notrace
create_project: Time (s): cpu = 00:00:07 ; elapsed = 00:00:22 . Memory (MB): peak = 466.445 ; gain = 198.629
Command: read_checkpoint -auto_incremental -incremental C:/Users/mario/OneDrive/Desktop/esercizio6/esercizio6.srcs/utils_1/imports/synth_1/sistema_les_on_board.dcp
INFO: [Vivado 12-5825] Read reference checkpoint from C:/Users/mario/OneDrive/Desktop/esercizio6/esercizio6.srcs/utils_1/imports/synth_1/sistema_les_on_board.dcp for incremental synthesis
INFO: [Vivado 12-7989] Please ensure there are no constraint changes
Command: synth_design -top sistema_les_on_board -part xc7a50ticsg324-1L
Starting synth_design
Attempting to get a license for feature 'Synthesis' and/or device 'xc7a50ti'
INFO: [Common 17-349] Got license for feature 'Synthesis' and/or device 'xc7a50ti'
INFO: [Device 21-403] Loading part xc7a50ticsg324-1L
INFO: [Designutils 20-5440] No compile time benefit to using incremental synthesis; A full resynthesis will be run
INFO: [Designutils 20-4379] Flow is switching to default flow due to incremental criteria not met. If you would like to alter this behaviour and have the flow terminate instead, please set the following parameter config_implementation {autoIncr.Synth.RejectBehavior Terminate}
INFO: [Synth 8-7079] Multithreading enabled for synth_design using a maximum of 2 processes.
INFO: [Synth 8-7078] Launching helper process for spawning children vivado processes
INFO: [Synth 8-7075] Helper process launched with PID 13264
---------------------------------------------------------------------------------
Starting RTL Elaboration : Time (s): cpu = 00:00:06 ; elapsed = 00:00:11 . Memory (MB): peak = 1281.555 ; gain = 410.238
---------------------------------------------------------------------------------
INFO: [Synth 8-638] synthesizing module 'sistema_les_on_board' [C:/Users/mario/OneDrive/Desktop/esercizio6/esercizio6.srcs/sources_1/new/sistema_les_on_board.vhd:41]
	Parameter CLK_period bound to: 10 - type: integer 
	Parameter btn_noise_time bound to: 10000000 - type: integer 
INFO: [Synth 8-3491] module 'ButtonDebouncer' declared at 'C:/Users/mario/OneDrive/Desktop/esercizio6/esercizio6.srcs/sources_1/imports/new/ButtonDebouncer.vhd:34' bound to instance 'btn' of component 'ButtonDebouncer' [C:/Users/mario/OneDrive/Desktop/esercizio6/esercizio6.srcs/sources_1/new/sistema_les_on_board.vhd:68]
INFO: [Synth 8-638] synthesizing module 'ButtonDebouncer' [C:/Users/mario/OneDrive/Desktop/esercizio6/esercizio6.srcs/sources_1/imports/new/ButtonDebouncer.vhd:46]
	Parameter CLK_period bound to: 10 - type: integer 
	Parameter btn_noise_time bound to: 10000000 - type: integer 
INFO: [Synth 8-226] default block is never used [C:/Users/mario/OneDrive/Desktop/esercizio6/esercizio6.srcs/sources_1/imports/new/ButtonDebouncer.vhd:79]
INFO: [Synth 8-256] done synthesizing module 'ButtonDebouncer' (0#1) [C:/Users/mario/OneDrive/Desktop/esercizio6/esercizio6.srcs/sources_1/imports/new/ButtonDebouncer.vhd:46]
INFO: [Synth 8-3491] module 'sistema_les' declared at 'C:/Users/mario/OneDrive/Desktop/esercizio6/esercizio6.srcs/sources_1/new/sistema_les.vhd:34' bound to instance 'sistema' of component 'sistema_les' [C:/Users/mario/OneDrive/Desktop/esercizio6/esercizio6.srcs/sources_1/new/sistema_les_on_board.vhd:79]
INFO: [Synth 8-638] synthesizing module 'sistema_les' [C:/Users/mario/OneDrive/Desktop/esercizio6/esercizio6.srcs/sources_1/new/sistema_les.vhd:41]
	Parameter n bound to: 2 - type: integer 
	Parameter l bound to: 7 - type: integer 
	Parameter m bound to: 7 - type: integer 
INFO: [Synth 8-3491] module 'rom_n' declared at 'C:/Users/mario/OneDrive/Desktop/esercizio6/esercizio6.srcs/sources_1/new/rom_n.vhd:35' bound to instance 'rom' of component 'rom_n' [C:/Users/mario/OneDrive/Desktop/esercizio6/esercizio6.srcs/sources_1/new/sistema_les.vhd:102]
INFO: [Synth 8-638] synthesizing module 'rom_n' [C:/Users/mario/OneDrive/Desktop/esercizio6/esercizio6.srcs/sources_1/new/rom_n.vhd:46]
	Parameter n bound to: 2 - type: integer 
	Parameter l bound to: 7 - type: integer 
	Parameter m bound to: 7 - type: integer 
INFO: [Synth 8-256] done synthesizing module 'rom_n' (0#1) [C:/Users/mario/OneDrive/Desktop/esercizio6/esercizio6.srcs/sources_1/new/rom_n.vhd:46]
	Parameter n bound to: 2 - type: integer 
	Parameter l bound to: 7 - type: integer 
	Parameter m bound to: 3 - type: integer 
INFO: [Synth 8-3491] module 'memoria_n' declared at 'C:/Users/mario/OneDrive/Desktop/esercizio6/esercizio6.srcs/sources_1/new/memoria_n.vhd:35' bound to instance 'mem' of component 'memoria_n' [C:/Users/mario/OneDrive/Desktop/esercizio6/esercizio6.srcs/sources_1/new/sistema_les.vhd:108]
INFO: [Synth 8-638] synthesizing module 'memoria_n' [C:/Users/mario/OneDrive/Desktop/esercizio6/esercizio6.srcs/sources_1/new/memoria_n.vhd:48]
	Parameter n bound to: 2 - type: integer 
	Parameter l bound to: 7 - type: integer 
	Parameter m bound to: 3 - type: integer 
INFO: [Synth 8-256] done synthesizing module 'memoria_n' (0#1) [C:/Users/mario/OneDrive/Desktop/esercizio6/esercizio6.srcs/sources_1/new/memoria_n.vhd:48]
	Parameter n bound to: 2 - type: integer 
INFO: [Synth 8-3491] module 'counter_n' declared at 'C:/Users/mario/OneDrive/Desktop/esercizio6/esercizio6.srcs/sources_1/new/counter_n.vhd:34' bound to instance 'counter' of component 'counter_n' [C:/Users/mario/OneDrive/Desktop/esercizio6/esercizio6.srcs/sources_1/new/sistema_les.vhd:118]
INFO: [Synth 8-638] synthesizing module 'counter_n' [C:/Users/mario/OneDrive/Desktop/esercizio6/esercizio6.srcs/sources_1/new/counter_n.vhd:42]
	Parameter n bound to: 2 - type: integer 
INFO: [Synth 8-256] done synthesizing module 'counter_n' (0#1) [C:/Users/mario/OneDrive/Desktop/esercizio6/esercizio6.srcs/sources_1/new/counter_n.vhd:42]
INFO: [Synth 8-3491] module 'macchina' declared at 'C:/Users/mario/OneDrive/Desktop/esercizio6/esercizio6.srcs/sources_1/new/macchina.vhd:34' bound to instance 'M' of component 'macchina' [C:/Users/mario/OneDrive/Desktop/esercizio6/esercizio6.srcs/sources_1/new/sistema_les.vhd:124]
INFO: [Synth 8-638] synthesizing module 'macchina' [C:/Users/mario/OneDrive/Desktop/esercizio6/esercizio6.srcs/sources_1/new/macchina.vhd:40]
INFO: [Synth 8-256] done synthesizing module 'macchina' (0#1) [C:/Users/mario/OneDrive/Desktop/esercizio6/esercizio6.srcs/sources_1/new/macchina.vhd:40]
INFO: [Synth 8-3491] module 'uc' declared at 'C:/Users/mario/OneDrive/Desktop/esercizio6/esercizio6.srcs/sources_1/new/uc.vhd:34' bound to instance 'control_unit' of component 'uc' [C:/Users/mario/OneDrive/Desktop/esercizio6/esercizio6.srcs/sources_1/new/sistema_les.vhd:129]
INFO: [Synth 8-638] synthesizing module 'uc' [C:/Users/mario/OneDrive/Desktop/esercizio6/esercizio6.srcs/sources_1/new/uc.vhd:45]
INFO: [Synth 8-256] done synthesizing module 'uc' (0#1) [C:/Users/mario/OneDrive/Desktop/esercizio6/esercizio6.srcs/sources_1/new/uc.vhd:45]
INFO: [Synth 8-256] done synthesizing module 'sistema_les' (0#1) [C:/Users/mario/OneDrive/Desktop/esercizio6/esercizio6.srcs/sources_1/new/sistema_les.vhd:41]
INFO: [Synth 8-256] done synthesizing module 'sistema_les_on_board' (0#1) [C:/Users/mario/OneDrive/Desktop/esercizio6/esercizio6.srcs/sources_1/new/sistema_les_on_board.vhd:41]
WARNING: [Synth 8-3848] Net read_mem in module/entity uc does not have driver. [C:/Users/mario/OneDrive/Desktop/esercizio6/esercizio6.srcs/sources_1/new/uc.vhd:40]
WARNING: [Synth 8-7129] Port read_mem in module uc is either unconnected or has no load
WARNING: [Synth 8-7129] Port count[2] in module uc is either unconnected or has no load
WARNING: [Synth 8-7129] Port count[1] in module uc is either unconnected or has no load
WARNING: [Synth 8-7129] Port count[0] in module uc is either unconnected or has no load
---------------------------------------------------------------------------------
Finished RTL Elaboration : Time (s): cpu = 00:00:08 ; elapsed = 00:00:15 . Memory (MB): peak = 1373.637 ; gain = 502.320
---------------------------------------------------------------------------------
---------------------------------------------------------------------------------
Start Handling Custom Attributes
---------------------------------------------------------------------------------
---------------------------------------------------------------------------------
Finished Handling Custom Attributes : Time (s): cpu = 00:00:08 ; elapsed = 00:00:15 . Memory (MB): peak = 1373.637 ; gain = 502.320
---------------------------------------------------------------------------------
---------------------------------------------------------------------------------
Finished RTL Optimization Phase 1 : Time (s): cpu = 00:00:08 ; elapsed = 00:00:15 . Memory (MB): peak = 1373.637 ; gain = 502.320
---------------------------------------------------------------------------------
Netlist sorting complete. Time (s): cpu = 00:00:00 ; elapsed = 00:00:00.004 . Memory (MB): peak = 1373.637 ; gain = 0.000
INFO: [Project 1-570] Preparing netlist for logic optimization

Processing XDC Constraints
Initializing timing engine
Parsing XDC File [C:/Users/mario/OneDrive/Desktop/esercizio6/esercizio6.srcs/constrs_1/imports/digilent-xdc-master/Nexys-A7-50T-Master.xdc]
Finished Parsing XDC File [C:/Users/mario/OneDrive/Desktop/esercizio6/esercizio6.srcs/constrs_1/imports/digilent-xdc-master/Nexys-A7-50T-Master.xdc]
INFO: [Project 1-236] Implementation specific constraints were found while reading constraint file [C:/Users/mario/OneDrive/Desktop/esercizio6/esercizio6.srcs/constrs_1/imports/digilent-xdc-master/Nexys-A7-50T-Master.xdc]. These constraints will be ignored for synthesis but will be used in implementation. Impacted constraints are listed in the file [.Xil/sistema_les_on_board_propImpl.xdc].
Resolution: To avoid this warning, move constraints listed in [.Xil/sistema_les_on_board_propImpl.xdc] to another XDC file and exclude this new file from synthesis with the used_in_synthesis property (File Properties dialog in GUI) and re-run elaboration/synthesis.
Completed Processing XDC Constraints

Netlist sorting complete. Time (s): cpu = 00:00:00 ; elapsed = 00:00:00.001 . Memory (MB): peak = 1472.488 ; gain = 0.000
INFO: [Project 1-111] Unisim Transformation Summary:
No Unisim elements were transformed.

Constraint Validation Runtime : Time (s): cpu = 00:00:00 ; elapsed = 00:00:00.008 . Memory (MB): peak = 1472.488 ; gain = 0.000
INFO: [Designutils 20-5440] No compile time benefit to using incremental synthesis; A full resynthesis will be run
INFO: [Designutils 20-4379] Flow is switching to default flow due to incremental criteria not met. If you would like to alter this behaviour and have the flow terminate instead, please set the following parameter config_implementation {autoIncr.Synth.RejectBehavior Terminate}
---------------------------------------------------------------------------------
Finished Constraint Validation : Time (s): cpu = 00:00:18 ; elapsed = 00:00:31 . Memory (MB): peak = 1472.488 ; gain = 601.172
---------------------------------------------------------------------------------
---------------------------------------------------------------------------------
Start Loading Part and Timing Information
---------------------------------------------------------------------------------
Loading part: xc7a50ticsg324-1L
---------------------------------------------------------------------------------
Finished Loading Part and Timing Information : Time (s): cpu = 00:00:18 ; elapsed = 00:00:31 . Memory (MB): peak = 1472.488 ; gain = 601.172
---------------------------------------------------------------------------------
---------------------------------------------------------------------------------
Start Applying 'set_property' XDC Constraints
---------------------------------------------------------------------------------
---------------------------------------------------------------------------------
Finished applying 'set_property' XDC Constraints : Time (s): cpu = 00:00:18 ; elapsed = 00:00:31 . Memory (MB): peak = 1472.488 ; gain = 601.172
---------------------------------------------------------------------------------
INFO: [Synth 8-802] inferred FSM for state register 'BTN_state_reg' in module 'ButtonDebouncer'
INFO: [Synth 8-802] inferred FSM for state register 'stato_corrente_reg' in module 'uc'
---------------------------------------------------------------------------------------------------
                   State |                     New Encoding |                Previous Encoding 
---------------------------------------------------------------------------------------------------
             not_pressed |                               00 |                               00
             chk_pressed |                               01 |                               01
                 pressed |                               10 |                               10
         chk_not_pressed |                               11 |                               11
---------------------------------------------------------------------------------------------------
INFO: [Synth 8-3354] encoded FSM with state register 'BTN_state_reg' using encoding 'sequential' in module 'ButtonDebouncer'
---------------------------------------------------------------------------------------------------
                   State |                     New Encoding |                Previous Encoding 
---------------------------------------------------------------------------------------------------
                    idle |                            00001 |                              000
           avvia_lettura |                            00010 |                              001
      lettura_effettuata |                            00100 |                              010
         avvia_scrittura |                            01000 |                              011
    scrittura_effettuata |                            10000 |                              100
---------------------------------------------------------------------------------------------------
INFO: [Synth 8-3354] encoded FSM with state register 'stato_corrente_reg' using encoding 'one-hot' in module 'uc'
---------------------------------------------------------------------------------
Finished RTL Optimization Phase 2 : Time (s): cpu = 00:00:19 ; elapsed = 00:00:32 . Memory (MB): peak = 1472.488 ; gain = 601.172
---------------------------------------------------------------------------------
---------------------------------------------------------------------------------
Start RTL Component Statistics 
---------------------------------------------------------------------------------
Detailed RTL Component Info : 
+---Adders : 
	   2 Input   32 Bit       Adders := 1     
	   2 Input    3 Bit       Adders := 1     
+---Registers : 
	               32 Bit    Registers := 1     
	                8 Bit    Registers := 1     
	                4 Bit    Registers := 9     
	                3 Bit    Registers := 1     
	                1 Bit    Registers := 4     
+---Muxes : 
	   2 Input   32 Bit        Muxes := 1     
	   8 Input    8 Bit        Muxes := 1     
	   5 Input    5 Bit        Muxes := 1     
	   2 Input    5 Bit        Muxes := 1     
	   2 Input    4 Bit        Muxes := 1     
	   4 Input    2 Bit        Muxes := 1     
	   2 Input    2 Bit        Muxes := 6     
	   4 Input    1 Bit        Muxes := 2     
	   2 Input    1 Bit        Muxes := 13    
	   5 Input    1 Bit        Muxes := 3     
---------------------------------------------------------------------------------
Finished RTL Component Statistics 
---------------------------------------------------------------------------------
---------------------------------------------------------------------------------
Start Part Resource Summary
---------------------------------------------------------------------------------
Part Resources:
DSPs: 120 (col length:60)
BRAMs: 150 (col length: RAMB18 60 RAMB36 30)
---------------------------------------------------------------------------------
Finished Part Resource Summary
---------------------------------------------------------------------------------
---------------------------------------------------------------------------------
Start Cross Boundary and Area Optimization
---------------------------------------------------------------------------------
WARNING: [Synth 8-7080] Parallel synthesis criteria is not met
---------------------------------------------------------------------------------
Finished Cross Boundary and Area Optimization : Time (s): cpu = 00:00:21 ; elapsed = 00:00:36 . Memory (MB): peak = 1472.488 ; gain = 601.172
---------------------------------------------------------------------------------
---------------------------------------------------------------------------------
Start Applying XDC Timing Constraints
---------------------------------------------------------------------------------
---------------------------------------------------------------------------------
Finished Applying XDC Timing Constraints : Time (s): cpu = 00:00:27 ; elapsed = 00:00:44 . Memory (MB): peak = 1472.488 ; gain = 601.172
---------------------------------------------------------------------------------
---------------------------------------------------------------------------------
Start Timing Optimization
---------------------------------------------------------------------------------
---------------------------------------------------------------------------------
Finished Timing Optimization : Time (s): cpu = 00:00:28 ; elapsed = 00:00:45 . Memory (MB): peak = 1472.488 ; gain = 601.172
---------------------------------------------------------------------------------
---------------------------------------------------------------------------------
Start Technology Mapping
---------------------------------------------------------------------------------
---------------------------------------------------------------------------------
Finished Technology Mapping : Time (s): cpu = 00:00:28 ; elapsed = 00:00:45 . Memory (MB): peak = 1472.488 ; gain = 601.172
---------------------------------------------------------------------------------
---------------------------------------------------------------------------------
Start IO Insertion
---------------------------------------------------------------------------------
---------------------------------------------------------------------------------
Start Flattening Before IO Insertion
---------------------------------------------------------------------------------
---------------------------------------------------------------------------------
Finished Flattening Before IO Insertion
---------------------------------------------------------------------------------
---------------------------------------------------------------------------------
Start Final Netlist Cleanup
---------------------------------------------------------------------------------
---------------------------------------------------------------------------------
Finished Final Netlist Cleanup
---------------------------------------------------------------------------------
---------------------------------------------------------------------------------
Finished IO Insertion : Time (s): cpu = 00:00:34 ; elapsed = 00:00:52 . Memory (MB): peak = 1472.488 ; gain = 601.172
---------------------------------------------------------------------------------
---------------------------------------------------------------------------------
Start Renaming Generated Instances
---------------------------------------------------------------------------------
---------------------------------------------------------------------------------
Finished Renaming Generated Instances : Time (s): cpu = 00:00:34 ; elapsed = 00:00:52 . Memory (MB): peak = 1472.488 ; gain = 601.172
---------------------------------------------------------------------------------
---------------------------------------------------------------------------------
Start Rebuilding User Hierarchy
---------------------------------------------------------------------------------
---------------------------------------------------------------------------------
Finished Rebuilding User Hierarchy : Time (s): cpu = 00:00:34 ; elapsed = 00:00:52 . Memory (MB): peak = 1472.488 ; gain = 601.172
---------------------------------------------------------------------------------
---------------------------------------------------------------------------------
Start Renaming Generated Ports
---------------------------------------------------------------------------------
---------------------------------------------------------------------------------
Finished Renaming Generated Ports : Time (s): cpu = 00:00:34 ; elapsed = 00:00:52 . Memory (MB): peak = 1472.488 ; gain = 601.172
---------------------------------------------------------------------------------
---------------------------------------------------------------------------------
Start Handling Custom Attributes
---------------------------------------------------------------------------------
---------------------------------------------------------------------------------
Finished Handling Custom Attributes : Time (s): cpu = 00:00:34 ; elapsed = 00:00:52 . Memory (MB): peak = 1472.488 ; gain = 601.172
---------------------------------------------------------------------------------
---------------------------------------------------------------------------------
Start Renaming Generated Nets
---------------------------------------------------------------------------------
---------------------------------------------------------------------------------
Finished Renaming Generated Nets : Time (s): cpu = 00:00:34 ; elapsed = 00:00:52 . Memory (MB): peak = 1472.488 ; gain = 601.172
---------------------------------------------------------------------------------
---------------------------------------------------------------------------------
Start Writing Synthesis Report
---------------------------------------------------------------------------------

Report BlackBoxes: 
+-+--------------+----------+
| |BlackBox name |Instances |
+-+--------------+----------+
+-+--------------+----------+

Report Cell Usage: 
+------+-------+------+
|      |Cell   |Count |
+------+-------+------+
|1     |BUFG   |     1|
|2     |CARRY4 |     8|
|3     |LUT2   |     5|
|4     |LUT3   |     7|
|5     |LUT4   |     7|
|6     |LUT5   |     3|
|7     |LUT6   |     6|
|8     |FDRE   |    48|
|9     |FDSE   |     1|
|10    |IBUF   |     3|
|11    |OBUF   |     4|
+------+-------+------+
---------------------------------------------------------------------------------
Finished Writing Synthesis Report : Time (s): cpu = 00:00:34 ; elapsed = 00:00:52 . Memory (MB): peak = 1472.488 ; gain = 601.172
---------------------------------------------------------------------------------
Synthesis finished with 0 errors, 0 critical warnings and 1 warnings.
Synthesis Optimization Runtime : Time (s): cpu = 00:00:24 ; elapsed = 00:00:49 . Memory (MB): peak = 1472.488 ; gain = 502.320
Synthesis Optimization Complete : Time (s): cpu = 00:00:34 ; elapsed = 00:00:52 . Memory (MB): peak = 1472.488 ; gain = 601.172
INFO: [Project 1-571] Translating synthesized netlist
Netlist sorting complete. Time (s): cpu = 00:00:00 ; elapsed = 00:00:00.001 . Memory (MB): peak = 1472.488 ; gain = 0.000
INFO: [Netlist 29-17] Analyzing 8 Unisim elements for replacement
INFO: [Netlist 29-28] Unisim Transformation completed in 0 CPU seconds
INFO: [Project 1-570] Preparing netlist for logic optimization
INFO: [Opt 31-138] Pushed 0 inverter(s) to 0 load pin(s).
Netlist sorting complete. Time (s): cpu = 00:00:00 ; elapsed = 00:00:00.001 . Memory (MB): peak = 1472.488 ; gain = 0.000
INFO: [Project 1-111] Unisim Transformation Summary:
No Unisim elements were transformed.

Synth Design complete | Checksum: 82d25952
INFO: [Common 17-83] Releasing license: Synthesis
49 Infos, 6 Warnings, 0 Critical Warnings and 0 Errors encountered.
synth_design completed successfully
synth_design: Time (s): cpu = 00:00:37 ; elapsed = 00:01:17 . Memory (MB): peak = 1472.488 ; gain = 981.207
INFO: [Common 17-1381] The checkpoint 'C:/Users/mario/OneDrive/Desktop/esercizio6/esercizio6.runs/synth_1/sistema_les_on_board.dcp' has been generated.
INFO: [runtcl-4] Executing : report_utilization -file sistema_les_on_board_utilization_synth.rpt -pb sistema_les_on_board_utilization_synth.pb
INFO: [Common 17-206] Exiting Vivado at Wed Feb  5 11:57:33 2025...
